  Advanced_Gameobject.cpp
  AppDelegate.cpp
  EnemyGameObject.cpp
  HelloWorldScene.cpp
c:\users\ansve\documents\privat\git_resp\outer-space-2d\classes\advanced_gameobject.h(80): warning C4305: 'initializing': truncation from 'double' to 'float' (compiling source file ..\Classes\Advanced_Gameobject.cpp)
c:\users\ansve\documents\privat\git_resp\outer-space-2d\classes\advanced_gameobject.h(83): warning C4305: 'initializing': truncation from 'double' to 'float' (compiling source file ..\Classes\Advanced_Gameobject.cpp)
c:\users\ansve\documents\privat\git_resp\outer-space-2d\classes\advanced_gameobject.h(84): warning C4305: 'initializing': truncation from 'double' to 'float' (compiling source file ..\Classes\Advanced_Gameobject.cpp)
c:\users\ansve\documents\privat\git_resp\outer-space-2d\classes\advanced_gameobject.cpp(73): warning C4305: '+=': truncation from 'double' to 'float'
c:\users\ansve\documents\privat\git_resp\outer-space-2d\classes\advanced_gameobject.cpp(88): warning C4305: 'argument': truncation from 'double' to 'float'
c:\users\ansve\documents\privat\git_resp\outer-space-2d\classes\advanced_gameobject.cpp(145): warning C4101: 'next_y': unreferenced local variable
c:\users\ansve\documents\privat\git_resp\outer-space-2d\classes\advanced_gameobject.cpp(144): warning C4101: 'next_x': unreferenced local variable
c:\users\ansve\documents\privat\git_resp\outer-space-2d\classes\advanced_gameobject.h(80): warning C4305: 'initializing': truncation from 'double' to 'float' (compiling source file ..\Classes\EnemyGameObject.cpp)
c:\users\ansve\documents\privat\git_resp\outer-space-2d\classes\advanced_gameobject.h(83): warning C4305: 'initializing': truncation from 'double' to 'float' (compiling source file ..\Classes\EnemyGameObject.cpp)
c:\users\ansve\documents\privat\git_resp\outer-space-2d\classes\advanced_gameobject.h(84): warning C4305: 'initializing': truncation from 'double' to 'float' (compiling source file ..\Classes\EnemyGameObject.cpp)
c:\users\ansve\documents\privat\git_resp\outer-space-2d\classes\enemygameobject.cpp(93): warning C4305: '=': truncation from 'double' to 'float'
c:\users\ansve\documents\privat\git_resp\outer-space-2d\classes\advanced_gameobject.h(80): warning C4305: 'initializing': truncation from 'double' to 'float' (compiling source file ..\Classes\AppDelegate.cpp)
c:\users\ansve\documents\privat\git_resp\outer-space-2d\classes\advanced_gameobject.h(83): warning C4305: 'initializing': truncation from 'double' to 'float' (compiling source file ..\Classes\AppDelegate.cpp)
c:\users\ansve\documents\privat\git_resp\outer-space-2d\classes\advanced_gameobject.h(84): warning C4305: 'initializing': truncation from 'double' to 'float' (compiling source file ..\Classes\AppDelegate.cpp)
c:\users\ansve\documents\privat\git_resp\outer-space-2d\classes\appdelegate.cpp(41): warning C4305: 'argument': truncation from 'double' to 'float'
  Hero.cpp
  Level.cpp
  Pasage.cpp
  Physic.cpp
c:\users\ansve\documents\privat\git_resp\outer-space-2d\classes\advanced_gameobject.h(80): warning C4305: 'initializing': truncation from 'double' to 'float' (compiling source file ..\Classes\Hero.cpp)
c:\users\ansve\documents\privat\git_resp\outer-space-2d\classes\advanced_gameobject.h(83): warning C4305: 'initializing': truncation from 'double' to 'float' (compiling source file ..\Classes\Hero.cpp)
c:\users\ansve\documents\privat\git_resp\outer-space-2d\classes\advanced_gameobject.h(84): warning C4305: 'initializing': truncation from 'double' to 'float' (compiling source file ..\Classes\Hero.cpp)
c:\users\ansve\documents\privat\git_resp\outer-space-2d\classes\hero.cpp(59): warning C4305: '=': truncation from 'double' to 'float'
c:\users\ansve\documents\privat\git_resp\outer-space-2d\classes\hero.cpp(60): warning C4305: '=': truncation from 'double' to 'float'
c:\users\ansve\documents\privat\git_resp\outer-space-2d\classes\hero.cpp(61): warning C4305: '=': truncation from 'double' to 'float'
c:\users\ansve\documents\privat\git_resp\outer-space-2d\classes\hero.cpp(165): warning C4996: 'cocos2d::CCSize': was declared deprecated
  c:\cocos\cocos2d-x\cocos2d-x-3.10\cocos\deprecated\ccdeprecated.h(776): note: see declaration of 'cocos2d::CCSize'
c:\users\ansve\documents\privat\git_resp\outer-space-2d\classes\hero.cpp(170): warning C4305: '-=': truncation from 'double' to 'float'
c:\users\ansve\documents\privat\git_resp\outer-space-2d\classes\hero.cpp(165): warning C4996: 'cocos2d::Director::sharedDirector': was declared deprecated
  c:\cocos\cocos2d-x\cocos2d-x-3.10\cocos\base\ccdirector.h(138): note: see declaration of 'cocos2d::Director::sharedDirector'
c:\users\ansve\documents\privat\git_resp\outer-space-2d\classes\hero.cpp(187): warning C4996: 'cocos2d::CCSize': was declared deprecated
  c:\cocos\cocos2d-x\cocos2d-x-3.10\cocos\deprecated\ccdeprecated.h(776): note: see declaration of 'cocos2d::CCSize'
c:\users\ansve\documents\privat\git_resp\outer-space-2d\classes\hero.cpp(359): warning C4996: 'cocos2d::CCSize': was declared deprecated
  c:\cocos\cocos2d-x\cocos2d-x-3.10\cocos\deprecated\ccdeprecated.h(776): note: see declaration of 'cocos2d::CCSize'
c:\users\ansve\documents\privat\git_resp\outer-space-2d\classes\hero.cpp(359): warning C4996: 'cocos2d::Director::sharedDirector': was declared deprecated
  c:\cocos\cocos2d-x\cocos2d-x-3.10\cocos\base\ccdirector.h(138): note: see declaration of 'cocos2d::Director::sharedDirector'
c:\users\ansve\documents\privat\git_resp\outer-space-2d\classes\hero.cpp(368): warning C4996: 'cocos2d::CCSize': was declared deprecated
  c:\cocos\cocos2d-x\cocos2d-x-3.10\cocos\deprecated\ccdeprecated.h(776): note: see declaration of 'cocos2d::CCSize'
c:\users\ansve\documents\privat\git_resp\outer-space-2d\classes\hero.cpp(377): warning C4996: 'cocos2d::CCSize': was declared deprecated
  c:\cocos\cocos2d-x\cocos2d-x-3.10\cocos\deprecated\ccdeprecated.h(776): note: see declaration of 'cocos2d::CCSize'
c:\users\ansve\documents\privat\git_resp\outer-space-2d\classes\hero.cpp(379): warning C4018: '<': signed/unsigned mismatch
c:\users\ansve\documents\privat\git_resp\outer-space-2d\classes\hero.cpp(394): warning C4305: 'argument': truncation from 'double' to 'float'
c:\users\ansve\documents\privat\git_resp\outer-space-2d\classes\hero.cpp(377): warning C4996: 'cocos2d::Director::sharedDirector': was declared deprecated
  c:\cocos\cocos2d-x\cocos2d-x-3.10\cocos\base\ccdirector.h(138): note: see declaration of 'cocos2d::Director::sharedDirector'
c:\users\ansve\documents\privat\git_resp\outer-space-2d\classes\hero.cpp(396): warning C4996: 'cocos2d::CCSize': was declared deprecated
  c:\cocos\cocos2d-x\cocos2d-x-3.10\cocos\deprecated\ccdeprecated.h(776): note: see declaration of 'cocos2d::CCSize'
c:\users\ansve\documents\privat\git_resp\outer-space-2d\classes\hero.cpp(448): warning C4996: 'cocos2d::CCSize': was declared deprecated
  c:\cocos\cocos2d-x\cocos2d-x-3.10\cocos\deprecated\ccdeprecated.h(776): note: see declaration of 'cocos2d::CCSize'
c:\users\ansve\documents\privat\git_resp\outer-space-2d\classes\hero.cpp(449): warning C4018: '<': signed/unsigned mismatch
c:\users\ansve\documents\privat\git_resp\outer-space-2d\classes\hero.cpp(448): warning C4996: 'cocos2d::Director::sharedDirector': was declared deprecated
  c:\cocos\cocos2d-x\cocos2d-x-3.10\cocos\base\ccdirector.h(138): note: see declaration of 'cocos2d::Director::sharedDirector'
c:\users\ansve\documents\privat\git_resp\outer-space-2d\classes\hero.cpp(467): warning C4996: 'cocos2d::CCSize': was declared deprecated
  c:\cocos\cocos2d-x\cocos2d-x-3.10\cocos\deprecated\ccdeprecated.h(776): note: see declaration of 'cocos2d::CCSize'
c:\users\ansve\documents\privat\git_resp\outer-space-2d\classes\hero.cpp(471): warning C4996: 'cocos2d::CCSize': was declared deprecated
  c:\cocos\cocos2d-x\cocos2d-x-3.10\cocos\deprecated\ccdeprecated.h(776): note: see declaration of 'cocos2d::CCSize'
c:\users\ansve\documents\privat\git_resp\outer-space-2d\classes\hero.cpp(473): warning C4018: '<': signed/unsigned mismatch
c:\users\ansve\documents\privat\git_resp\outer-space-2d\classes\hero.cpp(471): warning C4996: 'cocos2d::Director::sharedDirector': was declared deprecated
  c:\cocos\cocos2d-x\cocos2d-x-3.10\cocos\base\ccdirector.h(138): note: see declaration of 'cocos2d::Director::sharedDirector'
c:\users\ansve\documents\privat\git_resp\outer-space-2d\classes\hero.cpp(511): warning C4996: 'cocos2d::CCSize': was declared deprecated
  c:\cocos\cocos2d-x\cocos2d-x-3.10\cocos\deprecated\ccdeprecated.h(776): note: see declaration of 'cocos2d::CCSize'
c:\users\ansve\documents\privat\git_resp\outer-space-2d\classes\hero.cpp(679): warning C4305: 'argument': truncation from 'double' to 'float'
c:\users\ansve\documents\privat\git_resp\outer-space-2d\classes\level.cpp(86): warning C4996: 'cocos2d::TMXLayer::positionAt': was declared deprecated
  c:\cocos\cocos2d-x\cocos2d-x-3.10\cocos\2d\cctmxlayer.h(168): note: see declaration of 'cocos2d::TMXLayer::positionAt'
c:\users\ansve\documents\privat\git_resp\outer-space-2d\classes\level.cpp(114): warning C4996: 'cocos2d::TMXLayer::positionAt': was declared deprecated
  c:\cocos\cocos2d-x\cocos2d-x-3.10\cocos\2d\cctmxlayer.h(168): note: see declaration of 'cocos2d::TMXLayer::positionAt'
c:\users\ansve\documents\privat\git_resp\outer-space-2d\classes\advanced_gameobject.h(80): warning C4305: 'initializing': truncation from 'double' to 'float' (compiling source file ..\Classes\Pasage.cpp)
c:\users\ansve\documents\privat\git_resp\outer-space-2d\classes\advanced_gameobject.h(83): warning C4305: 'initializing': truncation from 'double' to 'float' (compiling source file ..\Classes\Pasage.cpp)
c:\users\ansve\documents\privat\git_resp\outer-space-2d\classes\advanced_gameobject.h(84): warning C4305: 'initializing': truncation from 'double' to 'float' (compiling source file ..\Classes\Pasage.cpp)
c:\users\ansve\documents\privat\git_resp\outer-space-2d\classes\advanced_gameobject.h(80): warning C4305: 'initializing': truncation from 'double' to 'float' (compiling source file ..\Classes\Physic.cpp)
c:\users\ansve\documents\privat\git_resp\outer-space-2d\classes\advanced_gameobject.h(83): warning C4305: 'initializing': truncation from 'double' to 'float' (compiling source file ..\Classes\Physic.cpp)
c:\users\ansve\documents\privat\git_resp\outer-space-2d\classes\advanced_gameobject.h(84): warning C4305: 'initializing': truncation from 'double' to 'float' (compiling source file ..\Classes\Physic.cpp)
  Projectile.cpp
  Robot_Soldier.cpp
  SpaceGameLayer.cpp
  Space_Level.cpp
c:\users\ansve\documents\privat\git_resp\outer-space-2d\classes\advanced_gameobject.h(80): warning C4305: 'initializing': truncation from 'double' to 'float' (compiling source file ..\Classes\Projectile.cpp)
c:\users\ansve\documents\privat\git_resp\outer-space-2d\classes\advanced_gameobject.h(83): warning C4305: 'initializing': truncation from 'double' to 'float' (compiling source file ..\Classes\Projectile.cpp)
c:\users\ansve\documents\privat\git_resp\outer-space-2d\classes\advanced_gameobject.h(84): warning C4305: 'initializing': truncation from 'double' to 'float' (compiling source file ..\Classes\Projectile.cpp)
c:\users\ansve\documents\privat\git_resp\outer-space-2d\classes\advanced_gameobject.h(80): warning C4305: 'initializing': truncation from 'double' to 'float' (compiling source file ..\Classes\Robot_Soldier.cpp)
c:\users\ansve\documents\privat\git_resp\outer-space-2d\classes\advanced_gameobject.h(83): warning C4305: 'initializing': truncation from 'double' to 'float' (compiling source file ..\Classes\Robot_Soldier.cpp)
c:\users\ansve\documents\privat\git_resp\outer-space-2d\classes\advanced_gameobject.h(84): warning C4305: 'initializing': truncation from 'double' to 'float' (compiling source file ..\Classes\Robot_Soldier.cpp)
c:\users\ansve\documents\privat\git_resp\outer-space-2d\classes\robot_soldier.cpp(74): warning C4305: '*=': truncation from 'double' to 'float'
c:\users\ansve\documents\privat\git_resp\outer-space-2d\classes\advanced_gameobject.h(80): warning C4305: 'initializing': truncation from 'double' to 'float' (compiling source file ..\Classes\SpaceGameLayer.cpp)
c:\users\ansve\documents\privat\git_resp\outer-space-2d\classes\advanced_gameobject.h(83): warning C4305: 'initializing': truncation from 'double' to 'float' (compiling source file ..\Classes\SpaceGameLayer.cpp)
c:\users\ansve\documents\privat\git_resp\outer-space-2d\classes\advanced_gameobject.h(84): warning C4305: 'initializing': truncation from 'double' to 'float' (compiling source file ..\Classes\SpaceGameLayer.cpp)
c:\users\ansve\documents\privat\git_resp\outer-space-2d\classes\spacegamelayer.cpp(195): warning C4018: '<': signed/unsigned mismatch
c:\users\ansve\documents\privat\git_resp\outer-space-2d\classes\advanced_gameobject.h(80): warning C4305: 'initializing': truncation from 'double' to 'float' (compiling source file ..\Classes\Space_Level.cpp)
c:\users\ansve\documents\privat\git_resp\outer-space-2d\classes\advanced_gameobject.h(83): warning C4305: 'initializing': truncation from 'double' to 'float' (compiling source file ..\Classes\Space_Level.cpp)
c:\users\ansve\documents\privat\git_resp\outer-space-2d\classes\advanced_gameobject.h(84): warning C4305: 'initializing': truncation from 'double' to 'float' (compiling source file ..\Classes\Space_Level.cpp)
  main.cpp
  60 File(s) copied
Advanced_Gameobject.obj : warning LNK4075: ignoring '/EDITANDCONTINUE' due to '/SAFESEH' specification
     Creating library C:\Users\ansve\Documents\Privat\git_resp\Outer-Space-2D\proj.win32\Debug.win32\SpaceGame.lib and object C:\Users\ansve\Documents\Privat\git_resp\Outer-Space-2D\proj.win32\Debug.win32\SpaceGame.exp
  SpaceGame.vcxproj -> C:\Users\ansve\Documents\Privat\git_resp\Outer-Space-2D\proj.win32\Debug.win32\SpaceGame.exe
  0 File(s) copied
