c:\users\ansve\documents\privat\cocos2d\spacegame\proj.win32\debug.win32\appdelegate.obj
c:\users\ansve\documents\privat\cocos2d\spacegame\proj.win32\debug.win32\main.obj
c:\users\ansve\documents\privat\cocos2d\spacegame\proj.win32\debug.win32\helloworldscene.obj
c:\users\ansve\documents\privat\cocos2d\spacegame\proj.win32\debug.win32\spacegamelayer.obj
c:\users\ansve\documents\privat\cocos2d\spacegame\proj.win32\debug.win32\space_level.obj
c:\users\ansve\documents\privat\cocos2d\spacegame\proj.win32\debug.win32\spacegame.ilk
c:\users\ansve\documents\privat\cocos2d\spacegame\proj.win32\debug.win32\spacegame.exe
c:\users\ansve\documents\privat\cocos2d\spacegame\proj.win32\debug.win32\spacegame.pdb
c:\users\ansve\documents\privat\cocos2d\spacegame\proj.win32\debug.win32\game.res
c:\users\ansve\documents\privat\cocos2d\spacegame\proj.win32\debug.win32\spacegame.lib
c:\users\ansve\documents\privat\cocos2d\spacegame\proj.win32\debug.win32\spacegame.exp
c:\users\ansve\documents\privat\cocos2d\spacegame\proj.win32\debug.win32\spacegame.vcxprojresolveassemblyreference.cache
c:\users\ansve\documents\privat\cocos2d\spacegame\proj.win32\debug.win32\vc140.idb
c:\users\ansve\documents\privat\cocos2d\spacegame\proj.win32\debug.win32\vc140.pdb
c:\users\ansve\documents\privat\cocos2d\spacegame\proj.win32\debug.win32\spacegame.tlog\cl.command.1.tlog
c:\users\ansve\documents\privat\cocos2d\spacegame\proj.win32\debug.win32\spacegame.tlog\cl.read.1.tlog
c:\users\ansve\documents\privat\cocos2d\spacegame\proj.win32\debug.win32\spacegame.tlog\cl.write.1.tlog
c:\users\ansve\documents\privat\cocos2d\spacegame\proj.win32\debug.win32\spacegame.tlog\link.command.1.tlog
c:\users\ansve\documents\privat\cocos2d\spacegame\proj.win32\debug.win32\spacegame.tlog\link.read.1.tlog
c:\users\ansve\documents\privat\cocos2d\spacegame\proj.win32\debug.win32\spacegame.tlog\link.write.1.tlog
c:\users\ansve\documents\privat\cocos2d\spacegame\proj.win32\debug.win32\spacegame.tlog\metagen.write.1.tlog
c:\users\ansve\documents\privat\cocos2d\spacegame\proj.win32\debug.win32\spacegame.tlog\rc.command.1.tlog
c:\users\ansve\documents\privat\cocos2d\spacegame\proj.win32\debug.win32\spacegame.tlog\rc.read.1.tlog
c:\users\ansve\documents\privat\cocos2d\spacegame\proj.win32\debug.win32\spacegame.tlog\rc.write.1.tlog
c:\users\ansve\documents\privat\cocos2d\spacegame\proj.win32\debug.win32\spacegame.tlog\spacegame.write.1u.tlog
